{"C:\\Users\\Us\\IdeaProjects\\jest\\test\\unit\\sortByName.js": {"path":"C:\\Users\\Us\\IdeaProjects\\jest\\test\\unit\\sortByName.js","statementMap":{"0":{"start":{"line":2,"column":22},"end":{"line":2,"column":37}},"1":{"start":{"line":4,"column":4},"end":{"line":6,"column":7}},"2":{"start":{"line":5,"column":4},"end":{"line":5,"column":61}},"3":{"start":{"line":8,"column":4},"end":{"line":8,"column":21}},"4":{"start":{"line":11,"column":3},"end":{"line":11,"column":35}}},"fnMap":{"0":{"name":"sortByName","decl":{"start":{"line":1,"column":9},"end":{"line":1,"column":19}},"loc":{"start":{"line":1,"column":32},"end":{"line":9,"column":4}},"line":1},"1":{"name":"(anonymous_1)","decl":{"start":{"line":4,"column":19},"end":{"line":4,"column":20}},"loc":{"start":{"line":4,"column":29},"end":{"line":6,"column":5}},"line":4}},"branchMap":{},"s":{"0":8,"1":8,"2":19,"3":8,"4":1},"f":{"0":8,"1":19},"b":{},"_coverageSchema":"1a1c01bbd47fc00a2c39e90264f33305004495a9","hash":"04cf87d59706557f369ac96800a1adba2928e31a"}
}
